<?xml version="1.0" encoding="UTF-8"?>
<!-- Generated by org.testng.reporters.JUnitXMLReporter -->
<testsuite ignored="0" hostname="DESKTOP-NIB4TL4" failures="0" tests="3" name="Test" time="47.759" errors="0" timestamp="2022-06-25T16:44:14 IST">
  <testcase classname="testNGserialParallel.class3" name="myMethod2" time="20.376"/>
  <testcase classname="testNGserialParallel.class2" name="myMethod1" time="14.363"/>
  <testcase classname="testNGserialParallel.class1" name="myMethod" time="12.858"/>
</testsuite> <!-- Test -->
